<?xml version="1.0" encoding="UTF-8"?>
<!-- Generated by org.testng.reporters.JUnitReportReporter -->
<testsuite skipped="1" hostname="Infva06831" name="Day1.StudentAppAPICalls" tests="2" failures="0" timestamp="23 Sep 2019 22:00:54 GMT" time="1.765" errors="0">
  <testcase name="putCall" time="1.765" classname="Day1.StudentAppAPICalls"/>
  <testcase name="postCall" classname="Day1.StudentAppAPICalls">
    <skipped/>
  </testcase> <!-- postCall -->
</testsuite> <!-- Day1.StudentAppAPICalls -->
