<?xml version="1.0" encoding="UTF-8"?>
<!-- Generated by org.testng.reporters.JUnitReportReporter -->
<testsuite skipped="0" hostname="Infva06831" name="Day1.FirstAPICall" tests="1" failures="0" timestamp="23 Sep 2019 19:00:57 GMT" time="18.464" errors="0">
  <testcase name="f2" time="18.464" classname="Day1.FirstAPICall"/>
</testsuite> <!-- Day1.FirstAPICall -->
