<?xml version="1.0" encoding="UTF-8"?>
<!-- Generated by org.testng.reporters.JUnitReportReporter -->
<testsuite skipped="0" hostname="Infva06831" name="Day1.BasicAuthentication" tests="1" failures="0" timestamp="23 Sep 2019 22:45:05 GMT" time="2.237" errors="0">
  <testcase name="preemptiveAuthentication" time="2.237" classname="Day1.BasicAuthentication"/>
</testsuite> <!-- Day1.BasicAuthentication -->
